1263552000: 000208dc, 00000000, write
1264386000: 000208e0, 00000000, write
1265220000: 000208e4, 00000000, write
1266054000: 000208e8, 00000000, write
1266888000: 000208ec, 00000000, write
1267722000: 000208f0, 00000000, write
1268556000: 000208f4, 00000000, write
1269390000: 000208f8, 00000000, write
1270224000: 000208fc, 00000000, write
1271058000: 00020900, 00000000, write
1271892000: 00020904, 00000000, write
1272726000: 00020908, 00000000, write
1273560000: 0002090c, 00000000, write
1274394000: 00020910, 00000000, write
1275228000: 00020914, 00000000, write
1276062000: 00020918, 00000000, write
1276896000: 0002091c, 00000000, write
1277730000: 00020920, 00000000, write
1278564000: 00020924, 00000000, write
1279398000: 00020928, 00000000, write
1280232000: 0002092c, 00000000, write
1281066000: 00020930, 00000000, write
1281900000: 00020934, 00000000, write
1282734000: 00020938, 00000000, write
1283568000: 0002093c, 00000000, write
1284402000: 00020940, 00000000, write
1285236000: 00020944, 00000000, write
1286070000: 00020948, 00000000, write
1286904000: 0002094c, 00000000, write
1287738000: 00020950, 00000000, write
1288572000: 00020954, 00000000, write
1289406000: 00020958, 00000000, write
1290240000: 0002095c, 00000000, write
1291074000: 00020960, 00000000, write
1291908000: 00020964, 00000000, write
1292742000: 00020968, 00000000, write
1293576000: 0002096c, 00000000, write
1294410000: 00020970, 00000000, write
1295244000: 00020974, 00000000, write
1296078000: 00020978, 00000000, write
1296912000: 0002097c, 00000000, write
1297746000: 00020980, 00000000, write
1298580000: 00020984, 00000000, write
1299414000: 00020988, 00000000, write
1300248000: 0002098c, 00000000, write
1301082000: 00020990, 00000000, write
1301916000: 00020994, 00000000, write
1303667000: 00021b9c, 00000690, write
1303834000: 00021b98, 00000000, write
1304918000: 00021b8c, 00001310, write
1305085000: 00021b88, 00021ba0, write
1305752000: 00021b7c, 00000000, write
1306836000: 00021b6c, 00021b90, write
1307420000: 00021b4c, ffff0000, write
1307670000: 00021b4c, ffff0000, read
1308171000: 000208fc, ffff0000, write
1308338000: 00021b5c, 00000000, write
1309005000: 00021b5c, 00000000, read
1310589000: 00021b5c, 00000000, read
1312091000: 00020914, 00000000, write
1312758000: 00021b5c, 00000000, read
1314259000: 00020910, 00000000, write
1314509000: 00021b5c, 00000000, read
1315427000: 00021b5c, 00000001, write
1315677000: 00021b5c, 00000001, read
1317261000: 00021b5c, 00000001, read
1318763000: 0002091c, 00000000, write
1319430000: 00021b5c, 00000001, read
1320931000: 00020918, 00000000, write
1321181000: 00021b5c, 00000001, read
1322099000: 00021b5c, 00000002, write
1322349000: 00021b5c, 00000002, read
1323933000: 00021b5c, 00000002, read
1325435000: 00020924, 00000000, write
1326102000: 00021b5c, 00000002, read
1327603000: 00020920, 00000000, write
1327853000: 00021b5c, 00000002, read
1328771000: 00021b5c, 00000003, write
1329021000: 00021b5c, 00000003, read
1330605000: 00021b5c, 00000003, read
1332107000: 0002092c, 00000000, write
1332774000: 00021b5c, 00000003, read
1334275000: 00020928, 00000000, write
1334525000: 00021b5c, 00000003, read
1335443000: 00021b5c, 00000004, write
1335693000: 00021b5c, 00000004, read
1337277000: 00021b5c, 00000004, read
1338779000: 00020934, 00000000, write
1339446000: 00021b5c, 00000004, read
1340947000: 00020930, 00000000, write
1341197000: 00021b5c, 00000004, read
1342115000: 00021b5c, 00000005, write
1342365000: 00021b5c, 00000005, read
1343949000: 00021b5c, 00000005, read
1345451000: 0002093c, 00000000, write
1346118000: 00021b5c, 00000005, read
1347619000: 00020938, 00000000, write
1347869000: 00021b5c, 00000005, read
1348787000: 00021b5c, 00000006, write
1349037000: 00021b5c, 00000006, read
1350621000: 00021b5c, 00000006, read
1352123000: 00020944, 00000000, write
1352790000: 00021b5c, 00000006, read
1354291000: 00020940, 00000000, write
1354541000: 00021b5c, 00000006, read
1355459000: 00021b5c, 00000007, write
1355709000: 00021b5c, 00000007, read
1357293000: 00021b5c, 00000007, read
1358795000: 0002094c, 00000000, write
1359462000: 00021b5c, 00000007, read
1360963000: 00020948, 00000000, write
1361213000: 00021b5c, 00000007, read
1362131000: 00021b5c, 00000008, write
1362381000: 00021b5c, 00000008, read
1363965000: 00021b5c, 00000008, read
1365467000: 00020954, 00000000, write
1366134000: 00021b5c, 00000008, read
1367635000: 00020950, 00000000, write
1367885000: 00021b5c, 00000008, read
1368803000: 00021b5c, 00000009, write
1369053000: 00021b5c, 00000009, read
1370637000: 00021b5c, 00000009, read
1372139000: 0002095c, 00000000, write
1372806000: 00021b5c, 00000009, read
1374307000: 00020958, 00000000, write
1374557000: 00021b5c, 00000009, read
1375475000: 00021b5c, 0000000a, write
1375725000: 00021b5c, 0000000a, read
1377309000: 00021b5c, 0000000a, read
1378811000: 00020964, 00000000, write
1379478000: 00021b5c, 0000000a, read
1380979000: 00020960, 00000000, write
1381229000: 00021b5c, 0000000a, read
1382147000: 00021b5c, 0000000b, write
1382397000: 00021b5c, 0000000b, read
1383981000: 00021b5c, 0000000b, read
1385483000: 0002096c, 00000000, write
1386150000: 00021b5c, 0000000b, read
1387651000: 00020968, 00000000, write
1387901000: 00021b5c, 0000000b, read
1388819000: 00021b5c, 0000000c, write
1389069000: 00021b5c, 0000000c, read
1390653000: 00021b5c, 0000000c, read
1392155000: 00020974, 00000000, write
1392822000: 00021b5c, 0000000c, read
1394323000: 00020970, 00000000, write
1394573000: 00021b5c, 0000000c, read
1395491000: 00021b5c, 0000000d, write
1395741000: 00021b5c, 0000000d, read
1397325000: 00021b5c, 0000000d, read
1398827000: 0002097c, 00000000, write
1399494000: 00021b5c, 0000000d, read
1400995000: 00020978, 00000000, write
1401245000: 00021b5c, 0000000d, read
1402163000: 00021b5c, 0000000e, write
1402413000: 00021b5c, 0000000e, read
1403997000: 00021b5c, 0000000e, read
1405499000: 00020984, 00000000, write
1406166000: 00021b5c, 0000000e, read
1407667000: 00020980, 00000000, write
1407917000: 00021b5c, 0000000e, read
1408835000: 00021b5c, 0000000f, write
1409085000: 00021b5c, 0000000f, read
1410669000: 00021b5c, 0000000f, read
1412171000: 0002098c, 00000000, write
1412838000: 00021b5c, 0000000f, read
1414339000: 00020988, 00000000, write
1414589000: 00021b5c, 0000000f, read
1415507000: 00021b5c, 00000010, write
1415757000: 00021b5c, 00000010, read
1417341000: 00021b5c, 00000010, read
1418843000: 00020994, 00000000, write
1419510000: 00021b5c, 00000010, read
1421011000: 00020990, 00000000, write
1421261000: 00021b5c, 00000010, read
1422179000: 00021b5c, 00000011, write
1422429000: 00021b5c, 00000011, read
1423179000: 000208fc, ffff0000, read
1424013000: 000208fc, ffff0000, read
1426932000: 00021b6c, 00021b90, read
1430018000: 00021b6c, 00021b90, write
1430602000: 00021b5c, 00020904, write
1430769000: 00021b58, 00070000, write
1431019000: 00021b54, 00b71b00, write
1431186000: 00021b50, 0001c200, write
1432270000: 00021b4f, 01010101, write
1432854000: 00021b4e, 08080808, write
1433104000: 00021b5c, 00020904, read
1434021000: 00021b5c, 00020904, read
1434272000: 00021b58, 00070000, read
1434772000: 00020908, 00070000, write
1435022000: 00021b5c, 00020904, read
1435272000: 00021b58, 00070000, read
1435773000: 00020908, 00070000, write
1436440000: 00021b6c, 00021b90, read
1439359000: 00021b6c, 00021b90, write
1439943000: 00021b5c, 00001138, write
1440110000: 00021b58, 0000118c, write
1440360000: 00021b54, 000011b0, write
1440610000: 00021b5c, 00001138, read
1441110000: 000208f0, 00001138, write
1441361000: 00021b58, 0000118c, read
1441861000: 000208f4, 0000118c, write
1442111000: 00021b54, 000011b0, read
1442612000: 000208f8, 000011b0, write
1442945000: 00021b6c, 00021b90, read
1445030000: 00021b6c, 00021b90, write
1445614000: 00021b4c, 00020900, write
1445781000: 00021b48, 00040000, write
1446448000: 00021b46, 00080008, write
1447032000: 00021b44, 00ff00ff, write
1447282000: 00021b4c, 00020900, read
1448199000: 00021b4c, 00020900, read
1448450000: 00021b48, 00040000, read
1448950000: 00020900, 00040000, write
1449200000: 00021b48, 00040000, read
1449701000: 00021b5c, 00040000, write
1449951000: 00021b44, 000800ff, read
1450201000: 00021b5c, 00040000, read
1450618000: 00040010, 000000ff, write
1450868000: 00021b46, 000800ff, read
1451118000: 00021b5c, 00040000, read
1451535000: 00040004, 00000008, write
1452203000: 00021b6c, 00021b90, read
1452870000: 00021b7c, 00000000, read
1453454000: 00021b8c, 00001310, read
1453704000: 00021b88, 00021ba0, read
1455622000: 00021b8c, 00001320, write
1455789000: 00021b88, 00021ba0, write
1456456000: 00021b78, 00000270, write
1456623000: 00021b74, 00000000, write
1456873000: 00021b7f, 10101010, write
1457123000: 00021b7f, 10000000, read
1458207000: 00021b74, 00000000, read
1459458000: 00021b8c, 00001320, read
1459709000: 00021b88, 00021ba0, read
1461460000: 00021b8c, 00021ba0, write
1462044000: 00021b7c, 00060000, write
1462211000: 00021b78, 00000017, write
1462878000: 000208e0, 00000000, write
1463462000: 000208e4, 00000000, write
1463628000: 000208e8, 00000000, write
1463879000: 000208ec, 00000000, write
1464129000: 00021b7c, 00060000, read
1465213000: 00021b7c, 00060000, read
1465880000: 000208dc, 00060000, write
1466464000: 000208dc, 00060000, read
1466631000: 00021b78, 00000017, read
1467048000: 0006000c, 00000017, write
1467715000: 00021b8c, 00021ba0, read
1469967000: 00021b8c, 00021ba0, write
1470551000: 00021b6c, 00020900, write
1471134000: 00021b6a, 003f003f, write
1471802000: 00021b68, ffffffff, write
1472052000: 00021b6c, 00020900, read
1472969000: 00021b6c, 00020900, read
1473470000: 00020900, 00040000, read
1473970000: 00021b7c, 00040000, write
1474220000: 00021b6a, 003fffff, read
1474721000: 00021b78, 0000003f, write
1474971000: 00021b78, 0000003f, read
1476806000: 00021b68, 003fffff, read
1477723000: 00021b78, 003fffff, write
1477973000: 00021b7c, 00040000, read
1478223000: 00021b78, 003fffff, read
1478640000: 00040010, 003fffff, write
1479308000: 00021b8c, 00021ba0, read
1481393000: 00021b8c, 00021ba0, write
1481976000: 00021b78, 0000125c, write
1482227000: 00021b7f, 01010101, write
1482810000: 000208dc, 00060000, read
1483394000: 00021b7f, 01040000, read
1484312000: 00021b7f, 01040000, read
1485229000: 00021b78, 0000125c, read
1485729000: 000208e4, 0000125c, write
1485980000: 00021b78, 0000125c, read
1487397000: 000208dc, 00060000, read
1487814000: 00060064, 00000001, write
1488315000: 00021b8c, 00021ba0, read
1490233000: 00021b8c, 00021ba0, write
1490817000: 00021b78, 000005dc, write
1490984000: 00021b74, 00000001, write
1491234000: 00021b7f, 01010101, write
1491818000: 000208dc, 00060000, read
1492401000: 00021b7f, 01040000, read
1493319000: 00021b7f, 01040000, read
1494486000: 000208dc, 00060000, read
1494653000: 00021b78, 000005dc, read
1495070000: 00060034, 000005dc, write
1495654000: 000208dc, 00060000, read
1495821000: 00021b74, 00000001, read
1496238000: 00060024, 00000001, write
1496738000: 00021b8c, 00021ba0, read
1498990000: 00021b8c, 00021ba0, write
1499574000: 00021b6c, 00020904, write
1499741000: 00021b68, 00000001, write
1499991000: 00021b64, 000208b4, write
1500241000: 00021b6c, 00020904, read
1501158000: 00021b6c, 00020904, read
1501659000: 00020908, 00070000, read
1502159000: 00021b7c, 00070000, write
1502409000: 00021b7c, 00070000, read
1502660000: 00021b68, 00000001, read
1503077000: 0007002c, 00000001, write
1503327000: 00021b7c, 00070000, read
1503744000: 00070018, 000003ff, read
1504661000: 00021b7b, ffffffff, write
1505162000: 00021b64, 000208b4, read
1505662000: 000208b4, 72617453, read
1506579000: 00021b7b, ff0005dc, read
1507580000: 00021b64, 000208b4, read
1508498000: 00021b64, 000208b5, write
1508748000: 000208b4, 72617453, read
1509332000: 00021b7c, 00070000, read
1509749000: 00070000, 00000053, write
1509999000: 00021b7b, ff0005dc, read
1511750000: 00021b7b, fefefefe, write
1512251000: 00021b64, 000208b5, read
1512751000: 000208b5, 72617453, read
1513668000: 00021b7b, fe0005dc, read
1514669000: 00021b64, 000208b5, read
1515587000: 00021b64, 000208b6, write
1515837000: 000208b5, 72617453, read
1516421000: 00021b7c, 00070000, read
1516838000: 00070000, 00000074, write
1517088000: 00021b7b, fe0005dc, read
1518839000: 00021b7b, fdfdfdfd, write
1519340000: 00021b64, 000208b6, read
1519840000: 000208b6, 72617453, read
1520757000: 00021b7b, fd0005dc, read
1521758000: 00021b64, 000208b6, read
1522676000: 00021b64, 000208b7, write
1522926000: 000208b6, 72617453, read
1523510000: 00021b7c, 00070000, read
1523927000: 00070000, 00000061, write
1524177000: 00021b7b, fd0005dc, read
1525928000: 00021b7b, fcfcfcfc, write
1526429000: 00021b64, 000208b7, read
1526929000: 000208b7, 72617453, read
1527846000: 00021b7b, fc0005dc, read
1528847000: 00021b64, 000208b7, read
1529765000: 00021b64, 000208b8, write
1530015000: 000208b7, 72617453, read
1530599000: 00021b7c, 00070000, read
1531016000: 00070000, 00000072, write
1531266000: 00021b7b, fc0005dc, read
1533017000: 00021b7b, fbfbfbfb, write
1533518000: 00021b64, 000208b8, read
1534018000: 000208b8, 21646574, read
1534935000: 00021b7b, fb0005dc, read
1535936000: 00021b64, 000208b8, read
1536854000: 00021b64, 000208b9, write
1537104000: 000208b8, 21646574, read
1537688000: 00021b7c, 00070000, read
1538105000: 00070000, 00000074, write
1538355000: 00021b7b, fb0005dc, read
1540106000: 00021b7b, fafafafa, write
1540607000: 00021b64, 000208b9, read
1541107000: 000208b9, 21646574, read
1542024000: 00021b7b, fa0005dc, read
1543025000: 00021b64, 000208b9, read
1543943000: 00021b64, 000208ba, write
1544193000: 000208b9, 21646574, read
1544777000: 00021b7c, 00070000, read
1545194000: 00070000, 00000065, write
1545444000: 00021b7b, fa0005dc, read
1547195000: 00021b7b, f9f9f9f9, write
1547696000: 00021b64, 000208ba, read
1548196000: 000208ba, 21646574, read
1549113000: 00021b7b, f90005dc, read
1550114000: 00021b64, 000208ba, read
1551032000: 00021b64, 000208bb, write
1551282000: 000208ba, 21646574, read
1551866000: 00021b7c, 00070000, read
1552283000: 00070000, 00000064, write
1552533000: 00021b7b, f90005dc, read
1554284000: 00021b7b, f8f8f8f8, write
1554785000: 00021b64, 000208bb, read
1555285000: 000208bb, 21646574, read
1556202000: 00021b7b, f80005dc, read
1557203000: 00021b64, 000208bb, read
1558121000: 00021b64, 000208bc, write
1558371000: 000208bb, 21646574, read
1558955000: 00021b7c, 00070000, read
1559372000: 00070000, 00000021, write
1559622000: 00021b7b, f80005dc, read
1561373000: 00021b7b, f7f7f7f7, write
1561874000: 00021b64, 000208bc, read
1562374000: 000208bc, 6c65480a, read
1563291000: 00021b7b, f70005dc, read
1564292000: 00021b64, 000208bc, read
1565210000: 00021b64, 000208bd, write
1565460000: 000208bc, 6c65480a, read
1566044000: 00021b7c, 00070000, read
1566461000: 00070000, 0000000a, write
1566711000: 00021b7b, f70005dc, read
1568462000: 00021b7b, f6f6f6f6, write
1568963000: 00021b64, 000208bd, read
1569463000: 000208bd, 6c65480a, read
1570380000: 00021b7b, f60005dc, read
1571381000: 00021b64, 000208bd, read
1572299000: 00021b64, 000208be, write
1572549000: 000208bd, 6c65480a, read
1573133000: 00021b7c, 00070000, read
1573550000: 00070000, 00000048, write
1573800000: 00021b7b, f60005dc, read
1575551000: 00021b7b, f5f5f5f5, write
1576052000: 00021b64, 000208be, read
1576552000: 000208be, 6c65480a, read
1577469000: 00021b7b, f50005dc, read
1578470000: 00021b64, 000208be, read
1579388000: 00021b64, 000208bf, write
1579638000: 000208be, 6c65480a, read
1580222000: 00021b7c, 00070000, read
1580639000: 00070000, 00000065, write
1580889000: 00021b7b, f50005dc, read
1582640000: 00021b7b, f4f4f4f4, write
1583141000: 00021b64, 000208bf, read
1583641000: 000208bf, 6c65480a, read
1584558000: 00021b7b, f40005dc, read
1585559000: 00021b64, 000208bf, read
1586477000: 00021b64, 000208c0, write
1586727000: 000208bf, 6c65480a, read
1587311000: 00021b7c, 00070000, read
1587728000: 00070000, 0000006c, write
1587978000: 00021b7b, f40005dc, read
1589729000: 00021b7b, f3f3f3f3, write
1590230000: 00021b64, 000208c0, read
1590730000: 000208c0, 52206f6c, read
1591647000: 00021b7b, f30005dc, read
1592648000: 00021b64, 000208c0, read
1593566000: 00021b64, 000208c1, write
1593816000: 000208c0, 52206f6c, read
1594400000: 00021b7c, 00070000, read
1594817000: 00070000, 0000006c, write
1595067000: 00021b7b, f30005dc, read
1596818000: 00021b7b, f2f2f2f2, write
1597319000: 00021b64, 000208c1, read
1597819000: 000208c1, 52206f6c, read
1598736000: 00021b7b, f20005dc, read
1599737000: 00021b64, 000208c1, read
1600655000: 00021b64, 000208c2, write
1600905000: 000208c1, 52206f6c, read
1601489000: 00021b7c, 00070000, read
1601906000: 00070000, 0000006f, write
1602156000: 00021b7b, f20005dc, read
1603907000: 00021b7b, f1f1f1f1, write
1604408000: 00021b64, 000208c2, read
1604908000: 000208c2, 52206f6c, read
1605825000: 00021b7b, f10005dc, read
1606826000: 00021b64, 000208c2, read
1607744000: 00021b64, 000208c3, write
1607994000: 000208c2, 52206f6c, read
1608578000: 00021b7c, 00070000, read
1608995000: 00070000, 00000020, write
1609245000: 00021b7b, f10005dc, read
1610996000: 00021b7b, f0f0f0f0, write
1611497000: 00021b64, 000208c3, read
1611997000: 000208c3, 52206f6c, read
1612914000: 00021b7b, f00005dc, read
1613915000: 00021b64, 000208c3, read
1614833000: 00021b64, 000208c4, write
1615083000: 000208c3, 52206f6c, read
1615667000: 00021b7c, 00070000, read
1616084000: 00070000, 00000052, write
1616334000: 00021b7b, f00005dc, read
1618085000: 00021b7b, efefefef, write
1618586000: 00021b64, 000208c4, read
1619086000: 000208c4, 2d435349, read
1620003000: 00021b7b, ef0005dc, read
1621004000: 00021b64, 000208c4, read
1621922000: 00021b64, 000208c5, write
1622172000: 000208c4, 2d435349, read
1622756000: 00021b7c, 00070000, read
1623173000: 00070000, 00000049, write
1623423000: 00021b7b, ef0005dc, read
1625174000: 00021b7b, eeeeeeee, write
1625675000: 00021b64, 000208c5, read
1626175000: 000208c5, 2d435349, read
1627092000: 00021b7b, ee0005dc, read
1628093000: 00021b64, 000208c5, read
1629011000: 00021b64, 000208c6, write
1629261000: 000208c5, 2d435349, read
1629845000: 00021b7c, 00070000, read
1630262000: 00070000, 00000053, write
1630512000: 00021b7b, ee0005dc, read
1632263000: 00021b7b, edededed, write
1632764000: 00021b64, 000208c6, read
1633264000: 000208c6, 2d435349, read
1634181000: 00021b7b, ed0005dc, read
1635182000: 00021b64, 000208c6, read
1636100000: 00021b64, 000208c7, write
1636350000: 000208c6, 2d435349, read
1636934000: 00021b7c, 00070000, read
1637351000: 00070000, 00000043, write
1637601000: 00021b7b, ed0005dc, read
1639352000: 00021b7b, ecececec, write
1639853000: 00021b64, 000208c7, read
1640353000: 000208c7, 2d435349, read
1641270000: 00021b7b, ec0005dc, read
1642271000: 00021b64, 000208c7, read
1643189000: 00021b64, 000208c8, write
1643439000: 000208c7, 2d435349, read
1644023000: 00021b7c, 00070000, read
1644440000: 00070000, 0000002d, write
1644690000: 00021b7b, ec0005dc, read
1646441000: 00021b7b, ebebebeb, write
1646942000: 00021b64, 000208c8, read
1647442000: 000208c8, 6f772056, read
1648359000: 00021b7b, eb0005dc, read
1649360000: 00021b64, 000208c8, read
1650278000: 00021b64, 000208c9, write
1650528000: 000208c8, 6f772056, read
1651112000: 00021b7c, 00070000, read
1651529000: 00070000, 00000056, write
1651779000: 00021b7b, eb0005dc, read
1653530000: 00021b7b, eaeaeaea, write
1654031000: 00021b64, 000208c9, read
1654531000: 000208c9, 6f772056, read
1655448000: 00021b7b, ea0005dc, read
1656449000: 00021b64, 000208c9, read
1657367000: 00021b64, 000208ca, write
1657617000: 000208c9, 6f772056, read
1658201000: 00021b7c, 00070000, read
1658618000: 00070000, 00000020, write
1658868000: 00021b7b, ea0005dc, read
1660619000: 00021b7b, e9e9e9e9, write
1661120000: 00021b64, 000208ca, read
1661620000: 000208ca, 6f772056, read
1662537000: 00021b7b, e90005dc, read
1663538000: 00021b64, 000208ca, read
1664456000: 00021b64, 000208cb, write
1664706000: 000208ca, 6f772056, read
1665290000: 00021b7c, 00070000, read
1665707000: 00070000, 00000077, write
1665957000: 00021b7b, e90005dc, read
1667708000: 00021b7b, e8e8e8e8, write
1668209000: 00021b64, 000208cb, read
1668709000: 000208cb, 6f772056, read
1669626000: 00021b7b, e80005dc, read
1670627000: 00021b64, 000208cb, read
1671545000: 00021b64, 000208cc, write
1671795000: 000208cb, 6f772056, read
1672379000: 00021b7c, 00070000, read
1672796000: 00070000, 0000006f, write
1673046000: 00021b7b, e80005dc, read
1674797000: 00021b7b, e7e7e7e7, write
1675298000: 00021b64, 000208cc, read
1675798000: 000208cc, 21646c72, read
1676715000: 00021b7b, e70005dc, read
1677716000: 00021b64, 000208cc, read
1678634000: 00021b64, 000208cd, write
1678884000: 000208cc, 21646c72, read
1679468000: 00021b7c, 00070000, read
1679885000: 00070000, 00000072, write
1680135000: 00021b7b, e70005dc, read
1681886000: 00021b7b, e6e6e6e6, write
1682387000: 00021b64, 000208cd, read
1682887000: 000208cd, 21646c72, read
1683804000: 00021b7b, e60005dc, read
1684805000: 00021b64, 000208cd, read
1685723000: 00021b64, 000208ce, write
1685973000: 000208cd, 21646c72, read
1686557000: 00021b7c, 00070000, read
1686974000: 00070000, 0000006c, write
1687224000: 00021b7b, e60005dc, read
1688975000: 00021b7b, e5e5e5e5, write
1689476000: 00021b64, 000208ce, read
1689976000: 000208ce, 21646c72, read
1690893000: 00021b7b, e50005dc, read
1691894000: 00021b64, 000208ce, read
1692812000: 00021b64, 000208cf, write
1693062000: 000208ce, 21646c72, read
1693646000: 00021b7c, 00070000, read
1694063000: 00070000, 00000064, write
1694313000: 00021b7b, e50005dc, read
1696064000: 00021b7b, e4e4e4e4, write
1696565000: 00021b64, 000208cf, read
1697065000: 000208cf, 21646c72, read
1697982000: 00021b7b, e40005dc, read
1698983000: 00021b64, 000208cf, read
1699901000: 00021b64, 000208d0, write
1700151000: 000208cf, 21646c72, read
1700735000: 00021b7c, 00070000, read
1701152000: 00070000, 00000021, write
1701402000: 00021b7b, e40005dc, read
1703153000: 00021b7b, e3e3e3e3, write
1703654000: 00021b64, 000208d0, read
1704154000: 000208d0, 0000000a, read
1705071000: 00021b7b, e30005dc, read
1706072000: 00021b64, 000208d0, read
1706990000: 00021b64, 000208d1, write
1707240000: 000208d0, 0000000a, read
1707824000: 00021b7c, 00070000, read
1708241000: 00070000, 0000000a, write
1708491000: 00021b7b, e30005dc, read
1710242000: 00021b7b, e2e2e2e2, write
1710743000: 00021b64, 000208d1, read
1711243000: 000208d1, 0000000a, read
1712327000: 00021b8c, 00021ba0, read
1714079000: 00021b8c, 00001380, write
1714245000: 00021b88, 00021ba0, write
1714913000: 00021b6c, 00020900, write
1715496000: 00021b6b, 36363636, write
1715663000: 00021b7c, 00000000, write
1715913000: 00021b6c, 00020900, read
1717331000: 00021b6c, 00020900, read
1718415000: 00021b5c, 00001000, write
1718582000: 00021b58, 00021b90, write
1719249000: 00021b3c, 00020900, write
1719416000: 00021b38, 00b71b00, write
1719666000: 00021b38, 00b71b00, read
1730258000: 00021b4c, 00000007, write
1731426000: 000208d4, 00050040, write
1732010000: 000208d4, 00050040, read
